<?xml version="1.0" encoding="UTF-8"?>
<!-- Generated by org.testng.reporters.JUnitXMLReporter -->
<testsuite ignored="0" hostname="ASIF-PC" failures="0" tests="4" name="Default test" time="12.067" errors="0" timestamp="2022-05-20T21:58:17 EDT">
  <testcase classname="testingPurposeOnly.GetTextVsGetAttribute" name="enterEmail" time="0.354"/>
  <testcase classname="testingPurposeOnly.GetTextVsGetAttribute" name="enterPass" time="0.25"/>
  <testcase classname="testingPurposeOnly.GetTextVsGetAttribute" name="submitLogin" time="3.238"/>
  <testcase classname="testingPurposeOnly.GetTextVsGetAttribute" name="validation" time="1.668"/>
</testsuite> <!-- Default test -->
