<?xml version="1.0" encoding="UTF-8"?>
<testng-results ignored="0" total="1" passed="1" failed="0" skipped="0">
  <reporter-output>
  </reporter-output>
  <suite started-at="2022-05-29T00:37:48 EDT" name="Default suite" finished-at="2022-05-29T00:38:02 EDT" duration-ms="13982">
    <groups>
    </groups>
    <test started-at="2022-05-29T00:37:48 EDT" name="Default test" finished-at="2022-05-29T00:38:02 EDT" duration-ms="13982">
      <class name="testingPurposeOnly.hello">
        <test-method signature="hihello()[pri:0, instance:testingPurposeOnly.hello@20deea7f]" started-at="2022-05-29T00:37:48 EDT" name="hihello" finished-at="2022-05-29T00:38:02 EDT" duration-ms="13891" status="PASS">
          <reporter-output>
          </reporter-output>
        </test-method> <!-- hihello -->
      </class> <!-- testingPurposeOnly.hello -->
    </test> <!-- Default test -->
  </suite> <!-- Default suite -->
</testng-results>
