<?xml version="1.0" encoding="UTF-8"?>
<testng-results ignored="0" total="4" passed="4" failed="0" skipped="0">
  <reporter-output>
  </reporter-output>
  <suite started-at="2022-05-20T21:58:05 EDT" name="Default suite" finished-at="2022-05-20T21:58:17 EDT" duration-ms="12067">
    <groups>
    </groups>
    <test started-at="2022-05-20T21:58:05 EDT" name="Default test" finished-at="2022-05-20T21:58:17 EDT" duration-ms="12067">
      <class name="testingPurposeOnly.GetTextVsGetAttribute">
        <test-method is-config="true" signature="setup()[pri:0, instance:testingPurposeOnly.GetTextVsGetAttribute@158da8e]" started-at="2022-05-20T21:58:05 EDT" name="setup" finished-at="2022-05-20T21:58:11 EDT" duration-ms="6063" status="PASS">
          <reporter-output>
          </reporter-output>
        </test-method> <!-- setup -->
        <test-method signature="enterEmail()[pri:0, instance:testingPurposeOnly.GetTextVsGetAttribute@158da8e]" started-at="2022-05-20T21:58:11 EDT" name="enterEmail" finished-at="2022-05-20T21:58:12 EDT" duration-ms="354" status="PASS">
          <reporter-output>
          </reporter-output>
        </test-method> <!-- enterEmail -->
        <test-method signature="enterPass()[pri:1, instance:testingPurposeOnly.GetTextVsGetAttribute@158da8e]" started-at="2022-05-20T21:58:12 EDT" name="enterPass" finished-at="2022-05-20T21:58:12 EDT" duration-ms="250" status="PASS">
          <reporter-output>
          </reporter-output>
        </test-method> <!-- enterPass -->
        <test-method signature="submitLogin()[pri:2, instance:testingPurposeOnly.GetTextVsGetAttribute@158da8e]" started-at="2022-05-20T21:58:12 EDT" name="submitLogin" finished-at="2022-05-20T21:58:15 EDT" duration-ms="3238" status="PASS">
          <reporter-output>
          </reporter-output>
        </test-method> <!-- submitLogin -->
        <test-method signature="validation()[pri:3, instance:testingPurposeOnly.GetTextVsGetAttribute@158da8e]" started-at="2022-05-20T21:58:15 EDT" name="validation" finished-at="2022-05-20T21:58:17 EDT" duration-ms="1668" status="PASS">
          <reporter-output>
          </reporter-output>
        </test-method> <!-- validation -->
        <test-method is-config="true" signature="tearDown()[pri:0, instance:testingPurposeOnly.GetTextVsGetAttribute@158da8e]" started-at="2022-05-20T21:58:17 EDT" name="tearDown" finished-at="2022-05-20T21:58:17 EDT" duration-ms="367" status="PASS">
          <reporter-output>
          </reporter-output>
        </test-method> <!-- tearDown -->
      </class> <!-- testingPurposeOnly.GetTextVsGetAttribute -->
    </test> <!-- Default test -->
  </suite> <!-- Default suite -->
</testng-results>
